[router]: Out <app: locations> app
[router]: Out <app: httptester> app
[router]: Out <app: default> app
[router]: Out <app: ajax> app
[router]: Out <app: handlers> app
[app/ajax]: Response: True
[app/ajax]: Calling App.ajax_GET_log with args: [{}]
[app/ajax]: Response: [{'text': u'wwwww', 'direction': 'in', 'identity': u'310731'}, {'text': u'Invalid Keyword. Valid keywords are JOIN, AGENT, CHECK, RESULT, SENT, ALL, CBA, BIRTH and CLINIC. Respond with any keyword or HELP for more information.', 'direction': 'out', 'identity': u'310731'}, {'text': u'ALL', 'direction': 'in', 'identity': u'310731'}, {'text': u'To send a message to ALL send keyword ALL followed by the contents of your message.', 'direction': 'out', 'identity': u'310731'}]
[router]: Problem in scheduler for: mwana.apps.labresults.tasks.process_outstanding_payloads: Months:(All), Days of Month:(All), Days of Week:(All), Hours:(*), Minutes:(0). No module named decorators
[router]: Problem in scheduler for: mwana.apps.labresults.tasks.send_changed_records_notification: Months:(All), Days of Month:(All), Days of Week:(Mon, Tue, Wed, Thu, Fri), Hours:(11), Minutes:(0). No module named decorators
[router]: Problem in scheduler for: mwana.apps.labresults.tasks.process_outstanding_payloads: Months:(All), Days of Month:(All), Days of Week:(All), Hours:(*), Minutes:(0). No module named decorators
[router]: Problem in scheduler for: mwana.apps.labresults.tasks.send_results_notification: Months:(All), Days of Month:(All), Days of Week:(Mon, Tue, Wed, Thu, Fri), Hours:(11), Minutes:(30). No module named decorators
[router]: Problem in scheduler for: mwana.apps.labresults.tasks.process_outstanding_payloads: Months:(All), Days of Month:(All), Days of Week:(All), Hours:(*), Minutes:(0). No module named decorators
[router]: Problem in scheduler for: mwana.apps.labresults.tasks.process_outstanding_payloads: Months:(All), Days of Month:(All), Days of Week:(All), Hours:(*), Minutes:(0). No module named decorators
[router]: Problem in scheduler for: mwana.apps.labresults.tasks.process_outstanding_payloads: Months:(All), Days of Month:(All), Days of Week:(All), Hours:(*), Minutes:(0). No module named decorators
[router]: Problem in scheduler for: mwana.apps.labresults.tasks.process_outstanding_payloads: Months:(All), Days of Month:(All), Days of Week:(All), Hours:(*), Minutes:(0). No module named decorators
[router]: Problem in scheduler for: mwana.apps.labresults.tasks.process_outstanding_payloads: Months:(All), Days of Month:(All), Days of Week:(All), Hours:(*), Minutes:(0). No module named decorators
[mwana.apps.training.tasks]: checking pending training sessions
[router]: Problem in scheduler for: mwana.apps.labresults.tasks.process_outstanding_payloads: Months:(All), Days of Month:(All), Days of Week:(All), Hours:(*), Minutes:(0). No module named decorators
[router]: Problem in scheduler for: mwana.apps.labresults.tasks.process_outstanding_payloads: Months:(All), Days of Month:(All), Days of Week:(All), Hours:(*), Minutes:(0). No module named decorators
[router]: Problem in scheduler for: mwana.apps.labresults.tasks.process_outstanding_payloads: Months:(All), Days of Month:(All), Days of Week:(All), Hours:(*), Minutes:(0). No module named decorators
[router]: Problem in scheduler for: mwana.apps.labresults.tasks.process_outstanding_payloads: Months:(All), Days of Month:(All), Days of Week:(All), Hours:(*), Minutes:(0). No module named decorators
[router]: Problem in scheduler for: mwana.apps.labresults.tasks.process_outstanding_payloads: Months:(All), Days of Month:(All), Days of Week:(All), Hours:(*), Minutes:(0). No module named decorators
[router]: Problem in scheduler for: mwana.apps.labresults.tasks.process_outstanding_payloads: Months:(All), Days of Month:(All), Days of Week:(All), Hours:(*), Minutes:(0). No module named decorators
[router]: Problem in scheduler for: mwana.apps.labresults.tasks.process_outstanding_payloads: Months:(All), Days of Month:(All), Days of Week:(All), Hours:(*), Minutes:(0). No module named decorators
[router]: Problem in scheduler for: mwana.apps.labresults.tasks.process_outstanding_payloads: Months:(All), Days of Month:(All), Days of Week:(All), Hours:(*), Minutes:(0). No module named decorators
[router]: Problem in scheduler for: mwana.apps.labresults.tasks.process_outstanding_payloads: Months:(All), Days of Month:(All), Days of Week:(All), Hours:(*), Minutes:(0). No module named decorators
[router]: Problem in scheduler for: mwana.apps.labresults.tasks.process_outstanding_payloads: Months:(All), Days of Month:(All), Days of Week:(All), Hours:(*), Minutes:(0). No module named decorators
[router]: Problem in scheduler for: mwana.apps.labresults.tasks.process_outstanding_payloads: Months:(All), Days of Month:(All), Days of Week:(All), Hours:(*), Minutes:(0). No module named decorators
[router]: Problem in scheduler for: mwana.apps.labresults.tasks.process_outstanding_payloads: Months:(All), Days of Month:(All), Days of Week:(All), Hours:(*), Minutes:(0). No module named decorators
[router]: Problem in scheduler for: mwana.apps.labresults.tasks.process_outstanding_payloads: Months:(All), Days of Month:(All), Days of Week:(All), Hours:(*), Minutes:(0). No module named decorators
[router]: Problem in scheduler for: mwana.apps.labresults.tasks.process_outstanding_payloads: Months:(All), Days of Month:(All), Days of Week:(All), Hours:(*), Minutes:(0). No module named decorators
[router]: Problem in scheduler for: mwana.apps.labresults.tasks.process_outstanding_payloads: Months:(All), Days of Month:(All), Days of Week:(All), Hours:(*), Minutes:(0). No module named decorators
[router]: Problem in scheduler for: mwana.apps.labresults.tasks.process_outstanding_payloads: Months:(All), Days of Month:(All), Days of Week:(All), Hours:(*), Minutes:(0). No module named decorators
[router]: Caught KeyboardInterrupt
[router]: Stopping...
[router]: backend <backend: message_tester> terminated normally
[router]: Stopped
